\BOOKMARK [0][-]{chapter.1}{Gii Thiu B\340i To\341n}{}% 1
\BOOKMARK [1][-]{section.1.1}{L\375 do chon \040t\340i}{chapter.1}% 2
\BOOKMARK [1][-]{section.1.2}{Muc ti\352u cua \040t\340i}{chapter.1}% 3
\BOOKMARK [1][-]{section.1.3}{Mt s nghi\352n cu}{chapter.1}% 4
\BOOKMARK [2][-]{subsection.1.3.1}{Phng ph\341p da tr\352n m\340u sc}{section.1.3}% 5
\BOOKMARK [2][-]{subsection.1.3.2}{Phng ph\341p da v\340o h\354nh dang}{section.1.3}% 6
\BOOKMARK [0][-]{chapter.2}{C S L\375 Thuyt}{}% 7
\BOOKMARK [1][-]{section.2.1}{Ma trn}{chapter.2}% 8
\BOOKMARK [2][-]{subsection.2.1.1}{\320inh ngh\232a}{section.2.1}% 9
\BOOKMARK [2][-]{subsection.2.1.2}{Ph\351p cng ma trn}{section.2.1}% 10
\BOOKMARK [2][-]{subsection.2.1.3}{Ph\351p nh\342n ma trn vi ma trn}{section.2.1}% 11
\BOOKMARK [2][-]{subsection.2.1.4}{Ma trn chuyn vi}{section.2.1}% 12
\BOOKMARK [1][-]{section.2.2}{\320ao h\340m}{chapter.2}% 13
\BOOKMARK [2][-]{subsection.2.2.1}{\320inh ngh\232a}{section.2.2}% 14
\BOOKMARK [2][-]{subsection.2.2.2}{\320ao h\340m ri\352ng}{section.2.2}% 15
\BOOKMARK [2][-]{subsection.2.2.3}{\320ao h\340m h\340m hp \(Chain rule\)}{section.2.2}% 16
\BOOKMARK [1][-]{section.2.3}{c lng tham s bng cc ai kha d\232}{chapter.2}% 17
\BOOKMARK [1][-]{section.2.4}{C\341c h\340m s c trng}{chapter.2}% 18
\BOOKMARK [2][-]{subsection.2.4.1}{H\340m sai s b\354nh phng trung b\354nh}{section.2.4}% 19
\BOOKMARK [2][-]{subsection.2.4.2}{H\340m cross-entropy}{section.2.4}% 20
\BOOKMARK [1][-]{section.2.5}{Mt v\340i phng ph\341p ti u}{chapter.2}% 21
\BOOKMARK [2][-]{subsection.2.5.1}{Gradient descent}{section.2.5}% 22
\BOOKMARK [2][-]{subsection.2.5.2}{Gradient descents vi Momentum}{section.2.5}% 23
\BOOKMARK [2][-]{subsection.2.5.3}{RMSprop}{section.2.5}% 24
\BOOKMARK [2][-]{subsection.2.5.4}{Adam}{section.2.5}% 25
\BOOKMARK [0][-]{chapter.3}{Mang N-ron}{}% 26
\BOOKMARK [1][-]{section.3.1}{Tng quan}{chapter.3}% 27
\BOOKMARK [2][-]{subsection.3.1.1}{\320inh ngh\232a}{section.3.1}% 28
\BOOKMARK [2][-]{subsection.3.1.2}{C\341c phng ph\341p hoc}{section.3.1}% 29
\BOOKMARK [1][-]{section.3.2}{Cu tao cua n-ron}{chapter.3}% 30
\BOOKMARK [2][-]{subsection.3.2.1}{N-ron sinh hoc}{section.3.2}% 31
\BOOKMARK [2][-]{subsection.3.2.2}{N-ron nh\342n tao}{section.3.2}% 32
\BOOKMARK [1][-]{section.3.3}{Mang n-ron nhiu tng}{chapter.3}% 33
\BOOKMARK [2][-]{subsection.3.3.1}{Kin tr\372c chung}{section.3.3}% 34
\BOOKMARK [2][-]{subsection.3.3.2}{Mang lan truyn thng}{section.3.3}% 35
\BOOKMARK [2][-]{subsection.3.3.3}{One-hot encoding}{section.3.3}% 36
\BOOKMARK [2][-]{subsection.3.3.4}{H\340m mt m\341t}{section.3.3}% 37
\BOOKMARK [2][-]{subsection.3.3.5}{Thut to\341n lan truyn ngc}{section.3.3}% 38
\BOOKMARK [2][-]{subsection.3.3.6}{D liu}{section.3.3}% 39
\BOOKMARK [2][-]{subsection.3.3.7}{C\341c vn \040gp phai khi x\342y dng m\364 h\354nh}{section.3.3}% 40
\BOOKMARK [2][-]{subsection.3.3.8}{C\341c phng ph\341p \341nh gi\341 m\364 h\354nh}{section.3.3}% 41
\BOOKMARK [1][-]{section.3.4}{Mang n-ron t\355ch chp}{chapter.3}% 42
\BOOKMARK [2][-]{subsection.3.4.1}{Tng quan}{section.3.4}% 43
\BOOKMARK [2][-]{subsection.3.4.2}{Tng t\355ch chp - Convolutional layer}{section.3.4}% 44
\BOOKMARK [2][-]{subsection.3.4.3}{Tng giam s chiu}{section.3.4}% 45
\BOOKMARK [2][-]{subsection.3.4.4}{Tng Fully-Connected \(Fully-Connected layer\)}{section.3.4}% 46
\BOOKMARK [2][-]{subsection.3.4.5}{Mt s mang n-ron t\355ch chp in h\354nh}{section.3.4}% 47
\BOOKMARK [0][-]{chapter.4}{Object Detection}{}% 48
\BOOKMARK [1][-]{section.4.1}{Gii thiu}{chapter.4}% 49
\BOOKMARK [1][-]{section.4.2}{R-CNN}{chapter.4}% 50
\BOOKMARK [1][-]{section.4.3}{Fast R-CNN}{chapter.4}% 51
\BOOKMARK [1][-]{section.4.4}{Faster R-CNN}{chapter.4}% 52
\BOOKMARK [1][-]{section.4.5}{YOLO}{chapter.4}% 53
\BOOKMARK [0][-]{chapter.5}{ng Dung Mang N-ron T\355ch Chp V\340o B\340i To\341n Nhn Din Bin B\341o Giao Th\364ng }{}% 54
\BOOKMARK [1][-]{section.5.1}{D liu}{chapter.5}% 55
\BOOKMARK [2][-]{subsection.5.1.1}{Th\364ng tin d liu}{section.5.1}% 56
\BOOKMARK [2][-]{subsection.5.1.2}{Tang cng d liu}{section.5.1}% 57
\BOOKMARK [2][-]{subsection.5.1.3}{Chun h\363a d liu}{section.5.1}% 58
\BOOKMARK [1][-]{section.5.2}{X\342y dng m\364 h\354nh}{chapter.5}% 59
\BOOKMARK [2][-]{subsection.5.2.1}{M\364 h\354nh 11 tng}{section.5.2}% 60
\BOOKMARK [2][-]{subsection.5.2.2}{M\364 h\354nh s dung pre-trained}{section.5.2}% 61
\BOOKMARK [2][-]{subsection.5.2.3}{\320\341nh gi\341 m\364 h\354nh}{section.5.2}% 62
\BOOKMARK [1][-]{section.5.3}{Nhn din bin b\341o giao th\364ng}{chapter.5}% 63
\BOOKMARK [1][-]{section.5.4}{M\364i trng}{chapter.5}% 64
\BOOKMARK [0][-]{chapter.6}{Kt Lun V\340 Hng Ph\341t Trin}{}% 65
